<?xml version="1.0" encoding="UTF-8"?>
<!-- Generated by org.testng.reporters.JUnitReportReporter -->
<testsuite hostname="DESKTOP-V80DMFV" failures="0" tests="3" name="facebook.FacebookLoginTest" time="22.055" errors="0" timestamp="2022-08-13T18:19:34 PDT" skipped="0">
  <testcase classname="facebook.FacebookLoginTest" name="enterUserDetails" time="16.632"/>
  <system-out/>
  <testcase classname="facebook.FacebookLoginTest" name="forgotPassowrd" time="5.165"/>
  <system-out/>
  <testcase classname="facebook.FacebookLoginTest" name="searchUser" time="0.258"/>
  <system-out/>
</testsuite> <!-- facebook.FacebookLoginTest -->
