<?xml version="1.0" encoding="UTF-8"?>
<!-- Generated by org.testng.reporters.JUnitReportReporter -->
<testsuite hostname="DESKTOP-V80DMFV" failures="0" tests="1" name="facebook.FacebookLoginTest" time="6.740" errors="0" timestamp="2022-08-13T10:45:58 PDT" skipped="0">
  <testcase classname="facebook.FacebookLoginTest" name="enterUserDetails" time="6.740"/>
  <system-out/>
</testsuite> <!-- facebook.FacebookLoginTest -->
